Using pre-set license
Built from '2021.3/staging' branch; Version is '2021.3.16f1 (4016570cf34f) revision 4200023'; Using compiler version '192829333'; Build Type 'Release'
OS: 'Windows 11  (10.0.22621) 64bit CoreSingleLanguage' Language: 'en' Physical Memory: 15775 MB
BatchMode: 1, IsHumanControllingUs: 0, StartBugReporterOnCrash: 0, Is64bit: 1, IsPro: 1

COMMAND LINE ARGUMENTS:
C:\Program Files\Unity\Hub\Editor\2021.3.16f1\Editor\Unity.exe
-adb2
-batchMode
-noUpm
-name
AssetImportWorker2
-projectPath
C:/Users/augus/OneDrive/Documents/UnityProjects/CJH
-logFile
Logs/AssetImportWorker2.log
-srvPort
49820
Successfully changed project path to: C:/Users/augus/OneDrive/Documents/UnityProjects/CJH
C:/Users/augus/OneDrive/Documents/UnityProjects/CJH
[UnityMemory] Configuration Parameters - Can be set up in boot.config
    "memorysetup-bucket-allocator-granularity=16"
    "memorysetup-bucket-allocator-bucket-count=8"
    "memorysetup-bucket-allocator-block-size=33554432"
    "memorysetup-bucket-allocator-block-count=8"
    "memorysetup-main-allocator-block-size=16777216"
    "memorysetup-thread-allocator-block-size=16777216"
    "memorysetup-gfx-main-allocator-block-size=16777216"
    "memorysetup-gfx-thread-allocator-block-size=16777216"
    "memorysetup-cache-allocator-block-size=4194304"
    "memorysetup-typetree-allocator-block-size=2097152"
    "memorysetup-profiler-bucket-allocator-granularity=16"
    "memorysetup-profiler-bucket-allocator-bucket-count=8"
    "memorysetup-profiler-bucket-allocator-block-size=33554432"
    "memorysetup-profiler-bucket-allocator-block-count=8"
    "memorysetup-profiler-allocator-block-size=16777216"
    "memorysetup-profiler-editor-allocator-block-size=1048576"
    "memorysetup-temp-allocator-size-main=16777216"
    "memorysetup-job-temp-allocator-block-size=2097152"
    "memorysetup-job-temp-allocator-block-size-background=1048576"
    "memorysetup-job-temp-allocator-reduction-small-platforms=262144"
    "memorysetup-temp-allocator-size-background-worker=32768"
    "memorysetup-temp-allocator-size-job-worker=262144"
    "memorysetup-temp-allocator-size-preload-manager=33554432"
    "memorysetup-temp-allocator-size-nav-mesh-worker=65536"
    "memorysetup-temp-allocator-size-audio-worker=65536"
    "memorysetup-temp-allocator-size-cloud-worker=32768"
    "memorysetup-temp-allocator-size-gi-baking-worker=262144"
    "memorysetup-temp-allocator-size-gfx=262144"
Player connection [4600] Host "[IP] 192.168.0.4 [Port] 0 [Flags] 2 [Guid] 844974770 [EditorId] 844974770 [Version] 1048832 [Id] WindowsEditor(7,LAPTOP-20RAEIV8) [Debug] 1 [PackageName] WindowsEditor [ProjectName] Editor" joined multi-casting on [225.0.0.222:54997]...

Player connection [4600] Host "[IP] 192.168.0.4 [Port] 0 [Flags] 2 [Guid] 844974770 [EditorId] 844974770 [Version] 1048832 [Id] WindowsEditor(7,LAPTOP-20RAEIV8) [Debug] 1 [PackageName] WindowsEditor [ProjectName] Editor" joined alternative multi-casting on [225.0.0.222:34997]...

Refreshing native plugins compatible for Editor in 97.16 ms, found 3 plugins.
Preloading 0 native plugins for Editor in 0.00 ms.
Initialize engine version: 2021.3.16f1 (4016570cf34f)
[Subsystems] Discovering subsystems at path C:/Program Files/Unity/Hub/Editor/2021.3.16f1/Editor/Data/Resources/UnitySubsystems
[Subsystems] Discovering subsystems at path C:/Users/augus/OneDrive/Documents/UnityProjects/CJH/Assets
GfxDevice: creating device client; threaded=0; jobified=0
Direct3D:
    Version:  Direct3D 11.0 [level 11.1]
    Renderer: NVIDIA GeForce RTX 3060 Laptop GPU (ID=0x2520)
    Vendor:   NVIDIA
    VRAM:     6009 MB
    Driver:   31.0.15.2647
Initialize mono
Mono path[0] = 'C:/Program Files/Unity/Hub/Editor/2021.3.16f1/Editor/Data/Managed'
Mono path[1] = 'C:/Program Files/Unity/Hub/Editor/2021.3.16f1/Editor/Data/MonoBleedingEdge/lib/mono/unityjit-win32'
Mono config path = 'C:/Program Files/Unity/Hub/Editor/2021.3.16f1/Editor/Data/MonoBleedingEdge/etc'
Using monoOptions --debugger-agent=transport=dt_socket,embedding=1,server=y,suspend=n,address=127.0.0.1:56588
Begin MonoManager ReloadAssembly
Registering precompiled unity dll's ...
Register platform support module: C:/Program Files/Unity/Hub/Editor/2021.3.16f1/Editor/Data/PlaybackEngines/WebGLSupport/UnityEditor.WebGL.Extensions.dll
Register platform support module: C:/Program Files/Unity/Hub/Editor/2021.3.16f1/Editor/Data/PlaybackEngines/AndroidPlayer/UnityEditor.Android.Extensions.dll
Register platform support module: C:/Program Files/Unity/Hub/Editor/2021.3.16f1/Editor/Data/PlaybackEngines/WindowsStandaloneSupport/UnityEditor.WindowsStandalone.Extensions.dll
Registered in 0.006315 seconds.
Native extension for WindowsStandalone target not found
Native extension for Android target not found
Native extension for WebGL target not found
Refreshing native plugins compatible for Editor in 98.97 ms, found 3 plugins.
Preloading 0 native plugins for Editor in 0.00 ms.
Mono: successfully reloaded assembly
- Completed reload, in  0.684 seconds
Domain Reload Profiling:
	ReloadAssembly (684ms)
		BeginReloadAssembly (63ms)
			ExecutionOrderSort (0ms)
			DisableScriptedObjects (0ms)
			BackupInstance (0ms)
			ReleaseScriptingObjects (0ms)
			CreateAndSetChildDomain (1ms)
		EndReloadAssembly (512ms)
			LoadAssemblies (61ms)
			RebuildTransferFunctionScriptingTraits (0ms)
			SetupTypeCache (103ms)
			ReleaseScriptCaches (0ms)
			RebuildScriptCaches (30ms)
			SetupLoadedEditorAssemblies (327ms)
				LogAssemblyErrors (0ms)
				InitializePlatformSupportModulesInManaged (68ms)
				SetLoadedEditorAssemblies (0ms)
				RefreshPlugins (99ms)
				BeforeProcessingInitializeOnLoad (2ms)
				ProcessInitializeOnLoadAttributes (114ms)
				ProcessInitializeOnLoadMethodAttributes (44ms)
				AfterProcessingInitializeOnLoad (0ms)
				EditorAssembliesLoaded (0ms)
			ExecutionOrderSort2 (0ms)
			AwakeInstancesAfterBackupRestoration (0ms)
Platform modules already initialized, skipping
Registering precompiled user dll's ...
Registered in 0.007352 seconds.
Begin MonoManager ReloadAssembly
Symbol file LoadedFromMemory doesn't match image C:\Users\augus\OneDrive\Documents\UnityProjects\CJH\Library\PackageCache\com.unity.visualscripting@1.7.8\Editor\VisualScripting.Core\Dependencies\YamlDotNet\Unity.VisualScripting.YamlDotNet.dll
Symbol file LoadedFromMemory doesn't match image C:\Users\augus\OneDrive\Documents\UnityProjects\CJH\Library\PackageCache\com.unity.visualscripting@1.7.8\Editor\VisualScripting.Core\Dependencies\DotNetZip\Unity.VisualScripting.IonicZip.dll
Native extension for WindowsStandalone target not found
Native extension for Android target not found
Native extension for WebGL target not found
Refreshing native plugins compatible for Editor in 0.66 ms, found 3 plugins.
Preloading 0 native plugins for Editor in 0.00 ms.
Mono: successfully reloaded assembly
- Completed reload, in  2.130 seconds
Domain Reload Profiling:
	ReloadAssembly (2131ms)
		BeginReloadAssembly (239ms)
			ExecutionOrderSort (0ms)
			DisableScriptedObjects (5ms)
			BackupInstance (0ms)
			ReleaseScriptingObjects (0ms)
			CreateAndSetChildDomain (131ms)
		EndReloadAssembly (1782ms)
			LoadAssemblies (112ms)
			RebuildTransferFunctionScriptingTraits (0ms)
			SetupTypeCache (265ms)
			ReleaseScriptCaches (1ms)
			RebuildScriptCaches (45ms)
			SetupLoadedEditorAssemblies (1339ms)
				LogAssemblyErrors (0ms)
				InitializePlatformSupportModulesInManaged (14ms)
				SetLoadedEditorAssemblies (0ms)
				RefreshPlugins (1ms)
				BeforeProcessingInitializeOnLoad (101ms)
				ProcessInitializeOnLoadAttributes (427ms)
				ProcessInitializeOnLoadMethodAttributes (789ms)
				AfterProcessingInitializeOnLoad (7ms)
				EditorAssembliesLoaded (0ms)
			ExecutionOrderSort2 (0ms)
			AwakeInstancesAfterBackupRestoration (6ms)
Platform modules already initialized, skipping
========================================================================
Worker process is ready to serve import requests
Launched and connected shader compiler UnityShaderCompiler.exe after 0.08 seconds
Refreshing native plugins compatible for Editor in 0.81 ms, found 3 plugins.
Preloading 0 native plugins for Editor in 0.00 ms.
Unloading 3749 Unused Serialized files (Serialized files now loaded: 0)
Unloading 28 unused Assets / (173.8 KB). Loaded Objects now: 4209.
Memory consumption went from 134.0 MB to 133.8 MB.
Total: 3.724700 ms (FindLiveObjects: 0.276500 ms CreateObjectMapping: 0.105300 ms MarkObjects: 3.155600 ms  DeleteObjects: 0.186400 ms)

AssetImportParameters requested are different than current active one (requested -> active):
  custom:video-decoder-ogg-theora: a1e56fd34408186e4bbccfd4996cb3dc -> 
  custom:container-muxer-webm: aa71ff27fc2769a1b78a27578f13a17b -> 
  custom:container-demuxer-webm: 4f35f7cbe854078d1ac9338744f61a02 -> 
  custom:video-encoder-webm-vp8: eb34c28f22e8b96e1ab97ce403110664 -> 
  custom:video-codec-MediaFoundation-h265: 746d11721c4dcdbdad8f713fa42b33f4 -> 
  custom:audio-encoder-webm-vorbis: bf7c407c2cedff20999df2af8eb42d56 -> 
  custom:framework-win-MediaFoundation: 216162199b28c13a410421893ffa2e32 -> 
  custom:container-demuxer-ogg: 62fdf1f143b41e24485cea50d1cbac27 -> 
  custom:video-decoder-webm-vp8: 9c59270c3fd7afecdb556c50c9e8de78 -> 
  custom:audio-decoder-ogg-vorbis: bf7c407c2cedff20999df2af8eb42d56 -> 
========================================================================
Received Import Request.
  Time since last request: 991.941555 seconds.
  path: Assets/IA/Prefabs/IA_Assets/Static_Enemy_Template.prefab
  artifactKey: Guid(338434ec8bb82654da055d853b43bbe0) Importer(815301076,1909f56bfc062723c751e8b465ee728b)
Start importing Assets/IA/Prefabs/IA_Assets/Static_Enemy_Template.prefab using Guid(338434ec8bb82654da055d853b43bbe0) Importer(815301076,1909f56bfc062723c751e8b465ee728b)  -> (artifact id: '76563cd810a4c5e161a6445d1deb5153') in 0.167906 seconds 
========================================================================
Received Import Request.
  Time since last request: 89.721481 seconds.
  path: Assets/IA/Prefabs/IA_Assets/Point1.prefab
  artifactKey: Guid(92589aef9b48096459ad4a07400fd6d0) Importer(815301076,1909f56bfc062723c751e8b465ee728b)
Start importing Assets/IA/Prefabs/IA_Assets/Point1.prefab using Guid(92589aef9b48096459ad4a07400fd6d0) Importer(815301076,1909f56bfc062723c751e8b465ee728b)  -> (artifact id: 'fde1c150c18a47f7e70799f48ffe35f7') in 0.019825 seconds 
========================================================================
Received Import Request.
  Time since last request: 3977.215854 seconds.
  path: Assets/IA/Prefabs/IA_Assets/Static Look Two Points Enemy.prefab
  artifactKey: Guid(60ed6ee9fcf481745a23e86b818d021c) Importer(815301076,1909f56bfc062723c751e8b465ee728b)
Start importing Assets/IA/Prefabs/IA_Assets/Static Look Two Points Enemy.prefab using Guid(60ed6ee9fcf481745a23e86b818d021c) Importer(815301076,1909f56bfc062723c751e8b465ee728b)  -> (artifact id: 'e66550a78abb4791aa8745172acd53df') in 0.040936 seconds 
========================================================================
Received Import Request.
  Time since last request: 485.320189 seconds.
  path: Assets/IA/Prefabs/IA_Assets/Templates
  artifactKey: Guid(9558367e5cd642243b366a7628a36b65) Importer(815301076,1909f56bfc062723c751e8b465ee728b)
Start importing Assets/IA/Prefabs/IA_Assets/Templates using Guid(9558367e5cd642243b366a7628a36b65) Importer(815301076,1909f56bfc062723c751e8b465ee728b)  -> (artifact id: '8b1f76ac882b654309cc2a2f9f48a72c') in 0.007368 seconds 
========================================================================
Received Import Request.
  Time since last request: 1408.536469 seconds.
  path: Assets/IA/Prefabs/IA_Assets/Two Point Enemy 1.prefab
  artifactKey: Guid(d7dcf0c54096ab045b37c4fb11adf488) Importer(815301076,1909f56bfc062723c751e8b465ee728b)
Start importing Assets/IA/Prefabs/IA_Assets/Two Point Enemy 1.prefab using Guid(d7dcf0c54096ab045b37c4fb11adf488) Importer(815301076,1909f56bfc062723c751e8b465ee728b)  -> (artifact id: 'f275e291ed67ab506459949e293a403f') in 0.032529 seconds 
========================================================================
Received Import Request.
  Time since last request: 22.110892 seconds.
  path: Assets/IA/Prefabs/IA_Assets/Dynamic_Enemy_Template.prefab
  artifactKey: Guid(d7dcf0c54096ab045b37c4fb11adf488) Importer(815301076,1909f56bfc062723c751e8b465ee728b)
Start importing Assets/IA/Prefabs/IA_Assets/Dynamic_Enemy_Template.prefab using Guid(d7dcf0c54096ab045b37c4fb11adf488) Importer(815301076,1909f56bfc062723c751e8b465ee728b)  -> (artifact id: '410110e1dc6cc35a33e1f4095442b0df') in 0.014250 seconds 
========================================================================
Received Import Request.
  Time since last request: 704.674666 seconds.
  path: Assets/IA/Prefabs/IA_Assets/Templates/Dynamic_Enemy_Template.prefab
  artifactKey: Guid(d7dcf0c54096ab045b37c4fb11adf488) Importer(815301076,1909f56bfc062723c751e8b465ee728b)
Start importing Assets/IA/Prefabs/IA_Assets/Templates/Dynamic_Enemy_Template.prefab using Guid(d7dcf0c54096ab045b37c4fb11adf488) Importer(815301076,1909f56bfc062723c751e8b465ee728b)  -> (artifact id: '06ac38ad10c000f7a1d8cbdedc275035') in 0.011011 seconds 
========================================================================
Received Import Request.
  Time since last request: 4675.872188 seconds.
  path: Assets/IA/Prefabs/IA_Assets/Templates/Dynamic_Enemy_Template.prefab
  artifactKey: Guid(d7dcf0c54096ab045b37c4fb11adf488) Importer(815301076,1909f56bfc062723c751e8b465ee728b)
Start importing Assets/IA/Prefabs/IA_Assets/Templates/Dynamic_Enemy_Template.prefab using Guid(d7dcf0c54096ab045b37c4fb11adf488) Importer(815301076,1909f56bfc062723c751e8b465ee728b)  -> (artifact id: 'd1fe591ab6b4c55dd936c01da790be57') in 0.043704 seconds 
========================================================================
Received Import Request.
  Time since last request: 69.848791 seconds.
  path: Assets/IA/Scripts/DynamicEnemy.cs
  artifactKey: Guid(f98872751b8bd8744b40bb3d0a91e2f5) Importer(815301076,1909f56bfc062723c751e8b465ee728b)
Start importing Assets/IA/Scripts/DynamicEnemy.cs using Guid(f98872751b8bd8744b40bb3d0a91e2f5) Importer(815301076,1909f56bfc062723c751e8b465ee728b)  -> (artifact id: 'bbbbfe9772cd962dd0689dc878442705') in 0.016496 seconds 
